{"D:\\Development\\SCISYS\\GC-AW\\transducer_lens\\libraries\\lenses.js": {"path":"D:\\Development\\SCISYS\\GC-AW\\transducer_lens\\libraries\\lenses.js","statementMap":{"0":{"start":{"line":1,"column":32},"end":{"line":1,"column":54}},"1":{"start":{"line":2,"column":40},"end":{"line":2,"column":70}},"2":{"start":{"line":3,"column":35},"end":{"line":3,"column":70}},"3":{"start":{"line":3,"column":42},"end":{"line":3,"column":70}},"4":{"start":{"line":6,"column":17},"end":{"line":9,"column":32}},"5":{"start":{"line":9,"column":20},"end":{"line":9,"column":31}},"6":{"start":{"line":10,"column":18},"end":{"line":13,"column":16}},"7":{"start":{"line":11,"column":4},"end":{"line":13,"column":16}},"8":{"start":{"line":14,"column":2},"end":{"line":14,"column":44}},"9":{"start":{"line":14,"column":16},"end":{"line":14,"column":43}},"10":{"start":{"line":18,"column":19},"end":{"line":18,"column":33}},"11":{"start":{"line":19,"column":2},"end":{"line":24,"column":4}},"12":{"start":{"line":20,"column":17},"end":{"line":20,"column":30}},"13":{"start":{"line":21,"column":4},"end":{"line":23,"column":5}},"14":{"start":{"line":22,"column":6},"end":{"line":22,"column":27}}},"fnMap":{"0":{"name":"(anonymous_0)","decl":{"start":{"line":3,"column":35},"end":{"line":3,"column":36}},"loc":{"start":{"line":3,"column":42},"end":{"line":3,"column":70}},"line":3},"1":{"name":"lens","decl":{"start":{"line":5,"column":16},"end":{"line":5,"column":20}},"loc":{"start":{"line":5,"column":31},"end":{"line":15,"column":1}},"line":5},"2":{"name":"(anonymous_2)","decl":{"start":{"line":9,"column":12},"end":{"line":9,"column":13}},"loc":{"start":{"line":9,"column":20},"end":{"line":9,"column":31}},"line":9},"3":{"name":"(anonymous_3)","decl":{"start":{"line":10,"column":18},"end":{"line":10,"column":19}},"loc":{"start":{"line":11,"column":4},"end":{"line":13,"column":16}},"line":11},"4":{"name":"(anonymous_4)","decl":{"start":{"line":14,"column":9},"end":{"line":14,"column":10}},"loc":{"start":{"line":14,"column":16},"end":{"line":14,"column":43}},"line":14},"5":{"name":"lensFn","decl":{"start":{"line":17,"column":16},"end":{"line":17,"column":22}},"loc":{"start":{"line":17,"column":37},"end":{"line":25,"column":1}},"line":17},"6":{"name":"(anonymous_6)","decl":{"start":{"line":19,"column":9},"end":{"line":19,"column":10}},"loc":{"start":{"line":19,"column":16},"end":{"line":24,"column":3}},"line":19}},"branchMap":{"0":{"loc":{"start":{"line":11,"column":4},"end":{"line":13,"column":16}},"type":"cond-expr","locations":[{"start":{"line":12,"column":8},"end":{"line":12,"column":42}},{"start":{"line":13,"column":8},"end":{"line":13,"column":16}}],"line":11},"1":{"loc":{"start":{"line":21,"column":4},"end":{"line":23,"column":5}},"type":"if","locations":[{"start":{"line":21,"column":4},"end":{"line":23,"column":5}},{"start":{},"end":{}}],"line":21}},"s":{"0":1,"1":1,"2":1,"3":3,"4":8,"5":15,"6":8,"7":13,"8":8,"9":8,"10":2,"11":2,"12":2,"13":2,"14":1},"f":{"0":3,"1":8,"2":15,"3":13,"4":8,"5":2,"6":2},"b":{"0":[3,10],"1":[1,1]},"_coverageSchema":"1a1c01bbd47fc00a2c39e90264f33305004495a9","hash":"93a0fbaf1feab8d1dc8587f8757e96a54a25f997"}
,"D:\\Development\\SCISYS\\GC-AW\\transducer_lens\\libraries\\transducer.js": {"path":"D:\\Development\\SCISYS\\GC-AW\\transducer_lens\\libraries\\transducer.js","statementMap":{"0":{"start":{"line":4,"column":13},"end":{"line":4,"column":38}},"1":{"start":{"line":5,"column":2},"end":{"line":5,"column":64}},"2":{"start":{"line":5,"column":15},"end":{"line":5,"column":63}},"3":{"start":{"line":5,"column":41},"end":{"line":5,"column":58}},"4":{"start":{"line":9,"column":2},"end":{"line":12,"column":52}},"5":{"start":{"line":10,"column":4},"end":{"line":12,"column":51}},"6":{"start":{"line":11,"column":4},"end":{"line":12,"column":51}},"7":{"start":{"line":12,"column":6},"end":{"line":12,"column":51}},"8":{"start":{"line":16,"column":19},"end":{"line":19,"column":3}},"9":{"start":{"line":17,"column":4},"end":{"line":17,"column":27}},"10":{"start":{"line":18,"column":4},"end":{"line":18,"column":47}},"11":{"start":{"line":20,"column":2},"end":{"line":27,"column":6}},"12":{"start":{"line":21,"column":4},"end":{"line":27,"column":5}},"13":{"start":{"line":22,"column":4},"end":{"line":27,"column":5}},"14":{"start":{"line":23,"column":21},"end":{"line":25,"column":22}},"15":{"start":{"line":23,"column":47},"end":{"line":23,"column":56}},"16":{"start":{"line":26,"column":6},"end":{"line":26,"column":20}},"17":{"start":{"line":31,"column":2},"end":{"line":34,"column":4}},"18":{"start":{"line":31,"column":15},"end":{"line":34,"column":3}},"19":{"start":{"line":32,"column":19},"end":{"line":32,"column":77}},"20":{"start":{"line":32,"column":46},"end":{"line":32,"column":55}},"21":{"start":{"line":33,"column":4},"end":{"line":33,"column":18}},"22":{"start":{"line":38,"column":2},"end":{"line":42,"column":6}},"23":{"start":{"line":38,"column":15},"end":{"line":42,"column":5}},"24":{"start":{"line":39,"column":4},"end":{"line":42,"column":5}},"25":{"start":{"line":41,"column":39},"end":{"line":41,"column":46}}},"fnMap":{"0":{"name":"composeTransducers","decl":{"start":{"line":3,"column":16},"end":{"line":3,"column":34}},"loc":{"start":{"line":3,"column":53},"end":{"line":6,"column":1}},"line":3},"1":{"name":"(anonymous_1)","decl":{"start":{"line":5,"column":9},"end":{"line":5,"column":10}},"loc":{"start":{"line":5,"column":15},"end":{"line":5,"column":63}},"line":5},"2":{"name":"(anonymous_2)","decl":{"start":{"line":5,"column":25},"end":{"line":5,"column":26}},"loc":{"start":{"line":5,"column":41},"end":{"line":5,"column":58}},"line":5},"3":{"name":"conditional","decl":{"start":{"line":8,"column":16},"end":{"line":8,"column":27}},"loc":{"start":{"line":8,"column":41},"end":{"line":13,"column":1}},"line":8},"4":{"name":"(anonymous_4)","decl":{"start":{"line":9,"column":9},"end":{"line":9,"column":10}},"loc":{"start":{"line":10,"column":4},"end":{"line":12,"column":51}},"line":10},"5":{"name":"(anonymous_5)","decl":{"start":{"line":10,"column":4},"end":{"line":10,"column":5}},"loc":{"start":{"line":11,"column":4},"end":{"line":12,"column":51}},"line":11},"6":{"name":"(anonymous_6)","decl":{"start":{"line":11,"column":4},"end":{"line":11,"column":5}},"loc":{"start":{"line":12,"column":6},"end":{"line":12,"column":51}},"line":12},"7":{"name":"extract","decl":{"start":{"line":15,"column":16},"end":{"line":15,"column":23}},"loc":{"start":{"line":15,"column":62},"end":{"line":28,"column":1}},"line":15},"8":{"name":"(anonymous_8)","decl":{"start":{"line":16,"column":19},"end":{"line":16,"column":20}},"loc":{"start":{"line":16,"column":37},"end":{"line":19,"column":3}},"line":16},"9":{"name":"(anonymous_9)","decl":{"start":{"line":20,"column":9},"end":{"line":20,"column":10}},"loc":{"start":{"line":21,"column":4},"end":{"line":27,"column":5}},"line":21},"10":{"name":"(anonymous_10)","decl":{"start":{"line":21,"column":4},"end":{"line":21,"column":5}},"loc":{"start":{"line":22,"column":4},"end":{"line":27,"column":5}},"line":22},"11":{"name":"(anonymous_11)","decl":{"start":{"line":22,"column":4},"end":{"line":22,"column":5}},"loc":{"start":{"line":22,"column":18},"end":{"line":27,"column":5}},"line":22},"12":{"name":"(anonymous_12)","decl":{"start":{"line":23,"column":39},"end":{"line":23,"column":40}},"loc":{"start":{"line":23,"column":47},"end":{"line":23,"column":56}},"line":23},"13":{"name":"filter","decl":{"start":{"line":30,"column":16},"end":{"line":30,"column":22}},"loc":{"start":{"line":30,"column":40},"end":{"line":35,"column":1}},"line":30},"14":{"name":"(anonymous_14)","decl":{"start":{"line":31,"column":9},"end":{"line":31,"column":10}},"loc":{"start":{"line":31,"column":15},"end":{"line":34,"column":3}},"line":31},"15":{"name":"(anonymous_15)","decl":{"start":{"line":31,"column":15},"end":{"line":31,"column":16}},"loc":{"start":{"line":31,"column":29},"end":{"line":34,"column":3}},"line":31},"16":{"name":"(anonymous_16)","decl":{"start":{"line":32,"column":38},"end":{"line":32,"column":39}},"loc":{"start":{"line":32,"column":46},"end":{"line":32,"column":55}},"line":32},"17":{"name":"mapper","decl":{"start":{"line":37,"column":16},"end":{"line":37,"column":22}},"loc":{"start":{"line":37,"column":40},"end":{"line":43,"column":1}},"line":37},"18":{"name":"(anonymous_18)","decl":{"start":{"line":38,"column":9},"end":{"line":38,"column":10}},"loc":{"start":{"line":38,"column":15},"end":{"line":42,"column":5}},"line":38},"19":{"name":"(anonymous_19)","decl":{"start":{"line":38,"column":15},"end":{"line":38,"column":16}},"loc":{"start":{"line":39,"column":4},"end":{"line":42,"column":5}},"line":39},"20":{"name":"(anonymous_20)","decl":{"start":{"line":41,"column":26},"end":{"line":41,"column":27}},"loc":{"start":{"line":41,"column":39},"end":{"line":41,"column":46}},"line":41}},"branchMap":{"0":{"loc":{"start":{"line":15,"column":38},"end":{"line":15,"column":60}},"type":"default-arg","locations":[{"start":{"line":15,"column":55},"end":{"line":15,"column":60}}],"line":15},"1":{"loc":{"start":{"line":18,"column":11},"end":{"line":18,"column":46}},"type":"cond-expr","locations":[{"start":{"line":18,"column":28},"end":{"line":18,"column":40}},{"start":{"line":18,"column":43},"end":{"line":18,"column":46}}],"line":18},"2":{"loc":{"start":{"line":23,"column":21},"end":{"line":25,"column":22}},"type":"cond-expr","locations":[{"start":{"line":24,"column":10},"end":{"line":24,"column":32}},{"start":{"line":25,"column":10},"end":{"line":25,"column":22}}],"line":23},"3":{"loc":{"start":{"line":32,"column":19},"end":{"line":32,"column":77}},"type":"cond-expr","locations":[{"start":{"line":32,"column":59},"end":{"line":32,"column":71}},{"start":{"line":32,"column":74},"end":{"line":32,"column":77}}],"line":32}},"s":{"0":1,"1":1,"2":1,"3":4,"4":2,"5":2,"6":5,"7":4,"8":5,"9":3,"10":3,"11":5,"12":5,"13":8,"14":5,"15":7,"16":5,"17":5,"18":8,"19":7,"20":9,"21":7,"22":2,"23":5,"24":3,"25":4},"f":{"0":1,"1":1,"2":4,"3":2,"4":2,"5":5,"6":4,"7":5,"8":3,"9":5,"10":8,"11":5,"12":7,"13":5,"14":8,"15":7,"16":9,"17":2,"18":5,"19":3,"20":4},"b":{"0":[3],"1":[2,1],"2":[3,2],"3":[3,4]},"_coverageSchema":"1a1c01bbd47fc00a2c39e90264f33305004495a9","hash":"b4b5845a66248d6188888e6719731664afdd00e7"}
,"D:\\Development\\SCISYS\\GC-AW\\transducer_lens\\libraries\\utils.js": {"path":"D:\\Development\\SCISYS\\GC-AW\\transducer_lens\\libraries\\utils.js","statementMap":{"0":{"start":{"line":2,"column":18},"end":{"line":2,"column":49}},"1":{"start":{"line":2,"column":28},"end":{"line":2,"column":48}},"2":{"start":{"line":3,"column":2},"end":{"line":3,"column":50}},"3":{"start":{"line":7,"column":2},"end":{"line":7,"column":51}},"4":{"start":{"line":7,"column":14},"end":{"line":7,"column":50}},"5":{"start":{"line":7,"column":42},"end":{"line":7,"column":46}},"6":{"start":{"line":10,"column":41},"end":{"line":10,"column":42}},"7":{"start":{"line":11,"column":2},"end":{"line":15,"column":4}},"8":{"start":{"line":12,"column":14},"end":{"line":12,"column":21}},"9":{"start":{"line":13,"column":4},"end":{"line":13,"column":75}},"10":{"start":{"line":14,"column":4},"end":{"line":14,"column":13}},"11":{"start":{"line":19,"column":2},"end":{"line":19,"column":63}},"12":{"start":{"line":19,"column":47},"end":{"line":19,"column":61}}},"fnMap":{"0":{"name":"append","decl":{"start":{"line":1,"column":16},"end":{"line":1,"column":22}},"loc":{"start":{"line":1,"column":37},"end":{"line":4,"column":1}},"line":1},"1":{"name":"(anonymous_1)","decl":{"start":{"line":2,"column":18},"end":{"line":2,"column":19}},"loc":{"start":{"line":2,"column":28},"end":{"line":2,"column":48}},"line":2},"2":{"name":"compose","decl":{"start":{"line":6,"column":16},"end":{"line":6,"column":23}},"loc":{"start":{"line":6,"column":34},"end":{"line":8,"column":1}},"line":6},"3":{"name":"(anonymous_3)","decl":{"start":{"line":7,"column":9},"end":{"line":7,"column":10}},"loc":{"start":{"line":7,"column":14},"end":{"line":7,"column":50}},"line":7},"4":{"name":"(anonymous_4)","decl":{"start":{"line":7,"column":32},"end":{"line":7,"column":33}},"loc":{"start":{"line":7,"column":42},"end":{"line":7,"column":46}},"line":7},"5":{"name":"logger","decl":{"start":{"line":10,"column":16},"end":{"line":10,"column":22}},"loc":{"start":{"line":10,"column":44},"end":{"line":16,"column":1}},"line":10},"6":{"name":"(anonymous_6)","decl":{"start":{"line":10,"column":36},"end":{"line":10,"column":37}},"loc":{"start":{"line":10,"column":41},"end":{"line":10,"column":42}},"line":10},"7":{"name":"(anonymous_7)","decl":{"start":{"line":11,"column":9},"end":{"line":11,"column":10}},"loc":{"start":{"line":11,"column":14},"end":{"line":15,"column":3}},"line":11},"8":{"name":"range","decl":{"start":{"line":18,"column":16},"end":{"line":18,"column":21}},"loc":{"start":{"line":18,"column":46},"end":{"line":20,"column":1}},"line":18},"9":{"name":"(anonymous_9)","decl":{"start":{"line":19,"column":37},"end":{"line":19,"column":38}},"loc":{"start":{"line":19,"column":47},"end":{"line":19,"column":61}},"line":19}},"branchMap":{"0":{"loc":{"start":{"line":3,"column":9},"end":{"line":3,"column":49}},"type":"cond-expr","locations":[{"start":{"line":3,"column":23},"end":{"line":3,"column":39}},{"start":{"line":3,"column":42},"end":{"line":3,"column":49}}],"line":3},"1":{"loc":{"start":{"line":10,"column":29},"end":{"line":10,"column":42}},"type":"default-arg","locations":[{"start":{"line":10,"column":36},"end":{"line":10,"column":42}}],"line":10},"2":{"loc":{"start":{"line":18,"column":27},"end":{"line":18,"column":34}},"type":"default-arg","locations":[{"start":{"line":18,"column":33},"end":{"line":18,"column":34}}],"line":18},"3":{"loc":{"start":{"line":18,"column":36},"end":{"line":18,"column":44}},"type":"default-arg","locations":[{"start":{"line":18,"column":43},"end":{"line":18,"column":44}}],"line":18}},"s":{"0":4,"1":4,"2":4,"3":2,"4":5,"5":18,"6":1,"7":4,"8":2,"9":2,"10":2,"11":3,"12":9},"f":{"0":4,"1":4,"2":2,"3":5,"4":18,"5":4,"6":1,"7":2,"8":3,"9":9},"b":{"0":[3,1],"1":[3],"2":[1],"3":[2]},"_coverageSchema":"1a1c01bbd47fc00a2c39e90264f33305004495a9","hash":"cb6f792c2a826c1c797cec97b9c3874d8e4b990b"}
}
