TN:
SF:libraries\lenses.js
FN:3,(anonymous_0)
FN:5,lens
FN:9,(anonymous_2)
FN:10,(anonymous_3)
FN:14,(anonymous_4)
FN:17,lensFn
FN:19,(anonymous_6)
FNF:7
FNH:7
FNDA:3,(anonymous_0)
FNDA:8,lens
FNDA:15,(anonymous_2)
FNDA:13,(anonymous_3)
FNDA:8,(anonymous_4)
FNDA:2,lensFn
FNDA:2,(anonymous_6)
DA:1,1
DA:2,1
DA:3,3
DA:6,8
DA:9,15
DA:10,8
DA:11,13
DA:14,8
DA:18,2
DA:19,2
DA:20,2
DA:21,2
DA:22,1
LF:13
LH:13
BRDA:11,0,0,3
BRDA:11,0,1,10
BRDA:21,1,0,1
BRDA:21,1,1,1
BRF:4
BRH:4
end_of_record
TN:
SF:libraries\transducer.js
FN:3,composeTransducers
FN:5,(anonymous_1)
FN:5,(anonymous_2)
FN:8,conditional
FN:9,(anonymous_4)
FN:10,(anonymous_5)
FN:11,(anonymous_6)
FN:15,extract
FN:16,(anonymous_8)
FN:20,(anonymous_9)
FN:21,(anonymous_10)
FN:22,(anonymous_11)
FN:23,(anonymous_12)
FN:30,filter
FN:31,(anonymous_14)
FN:31,(anonymous_15)
FN:32,(anonymous_16)
FN:37,mapper
FN:38,(anonymous_18)
FN:38,(anonymous_19)
FN:41,(anonymous_20)
FNF:21
FNH:21
FNDA:1,composeTransducers
FNDA:1,(anonymous_1)
FNDA:4,(anonymous_2)
FNDA:2,conditional
FNDA:2,(anonymous_4)
FNDA:5,(anonymous_5)
FNDA:4,(anonymous_6)
FNDA:5,extract
FNDA:3,(anonymous_8)
FNDA:5,(anonymous_9)
FNDA:8,(anonymous_10)
FNDA:5,(anonymous_11)
FNDA:7,(anonymous_12)
FNDA:5,filter
FNDA:8,(anonymous_14)
FNDA:7,(anonymous_15)
FNDA:9,(anonymous_16)
FNDA:2,mapper
FNDA:5,(anonymous_18)
FNDA:3,(anonymous_19)
FNDA:4,(anonymous_20)
DA:4,1
DA:5,4
DA:9,2
DA:10,2
DA:11,5
DA:12,4
DA:16,5
DA:17,3
DA:18,3
DA:20,5
DA:21,5
DA:22,8
DA:23,7
DA:26,5
DA:31,8
DA:32,9
DA:33,7
DA:38,5
DA:39,3
DA:41,4
LF:20
LH:20
BRDA:15,0,0,3
BRDA:18,1,0,2
BRDA:18,1,1,1
BRDA:23,2,0,3
BRDA:23,2,1,2
BRDA:32,3,0,3
BRDA:32,3,1,4
BRF:7
BRH:7
end_of_record
TN:
SF:libraries\utils.js
FN:1,append
FN:2,(anonymous_1)
FN:6,compose
FN:7,(anonymous_3)
FN:7,(anonymous_4)
FN:10,logger
FN:10,(anonymous_6)
FN:11,(anonymous_7)
FN:18,range
FN:19,(anonymous_9)
FNF:10
FNH:10
FNDA:4,append
FNDA:4,(anonymous_1)
FNDA:2,compose
FNDA:5,(anonymous_3)
FNDA:18,(anonymous_4)
FNDA:4,logger
FNDA:1,(anonymous_6)
FNDA:2,(anonymous_7)
FNDA:3,range
FNDA:9,(anonymous_9)
DA:2,4
DA:3,4
DA:7,18
DA:10,1
DA:11,4
DA:12,2
DA:13,2
DA:14,2
DA:19,9
LF:9
LH:9
BRDA:3,0,0,3
BRDA:3,0,1,1
BRDA:10,1,0,3
BRDA:18,2,0,1
BRDA:18,3,0,2
BRF:5
BRH:5
end_of_record
